<?xml version="1.0" encoding="UTF-8"?>
<!-- Generated by org.testng.reporters.JUnitReportReporter -->
<testsuite hostname="DESKTOP-KKG9DI7" failures="0" tests="3" name="com.TestPageCase.LoginPageTest" time="44.025" errors="0" timestamp="2019-03-09T16:09:52 EST" skipped="0">
  <testcase classname="com.TestPageCase.LoginPageTest" name="VerifyLoginPage" time="17.606"/>
  <testcase classname="com.TestPageCase.LoginPageTest" name="VerifyTitleofThePage" time="12.359"/>
  <testcase classname="com.TestPageCase.LoginPageTest" name="verifyLogoofThePage" time="14.060"/>
</testsuite> <!-- com.TestPageCase.LoginPageTest -->
